2023-07-25 16:38:59,544 DEBUG Horse: Создание Horse, имя [Буцефал], скорость [2.4]
2023-07-25 16:38:59,547 DEBUG Horse: Создание Horse, имя [Туз Пик], скорость [2.5]
2023-07-25 16:38:59,547 DEBUG Horse: Создание Horse, имя [Зефир], скорость [2.6]
2023-07-25 16:38:59,547 DEBUG Horse: Создание Horse, имя [Пожар], скорость [2.7]
2023-07-25 16:38:59,547 DEBUG Horse: Создание Horse, имя [Лобстер], скорость [2.8]
2023-07-25 16:38:59,547 DEBUG Horse: Создание Horse, имя [Пегас], скорость [2.9]
2023-07-25 16:38:59,547 DEBUG Horse: Создание Horse, имя [Вишня], скорость [3.0]
2023-07-25 16:38:59,548 DEBUG Hippodrome: Создание Hippodrome, лошадей [7]
2023-07-25 16:38:59,548 INFO  Main: Начало скачек. Количество участников: 7
2023-07-25 16:39:02,701 INFO  Main: Окончание скачек. Победитель: Вишня
2023-07-25 16:40:58,676 DEBUG Horse: Создание Horse, имя [Буцефал], скорость [2.4]
2023-07-25 16:40:58,679 DEBUG Horse: Создание Horse, имя [Туз Пик], скорость [2.5]
2023-07-25 16:40:58,679 DEBUG Horse: Создание Horse, имя [Зефир], скорость [2.6]
2023-07-25 16:40:58,679 DEBUG Horse: Создание Horse, имя [Пожар], скорость [2.7]
2023-07-25 16:40:58,679 DEBUG Horse: Создание Horse, имя [Лобстер], скорость [2.8]
2023-07-25 16:40:58,679 DEBUG Horse: Создание Horse, имя [Пегас], скорость [2.9]
2023-07-25 16:40:58,679 DEBUG Horse: Создание Horse, имя [Вишня], скорость [3.0]
2023-07-25 16:40:58,680 DEBUG Hippodrome: Создание Hippodrome, лошадей [7]
2023-07-25 16:40:58,680 INFO  Main: Начало скачек. Количество участников: 7
2023-07-25 16:41:01,826 INFO  Main: Окончание скачек. Победитель: Пегас
2023-07-25 16:44:21,102 DEBUG Horse: Создание Horse, имя [Буцефал], скорость [2.4]
2023-07-25 16:44:21,105 DEBUG Horse: Создание Horse, имя [Туз Пик], скорость [2.5]
2023-07-25 16:44:21,105 DEBUG Horse: Создание Horse, имя [Зефир], скорость [2.6]
2023-07-25 16:44:21,105 DEBUG Horse: Создание Horse, имя [Пожар], скорость [2.7]
2023-07-25 16:44:21,105 DEBUG Horse: Создание Horse, имя [Лобстер], скорость [2.8]
2023-07-25 16:44:21,105 DEBUG Horse: Создание Horse, имя [Пегас], скорость [2.9]
2023-07-25 16:44:21,106 DEBUG Horse: Создание Horse, имя [Вишня], скорость [3.0]
2023-07-25 16:44:21,106 DEBUG Hippodrome: Создание Hippodrome, лошадей [7]
2023-07-25 16:44:21,106 INFO  Main: Начало скачек. Количество участников: 7
2023-07-25 16:44:24,274 INFO  Main: Окончание скачек. Победитель: Пегас
2023-07-25 16:53:09,751 DEBUG Horse: Создание Horse, имя [Буцефал], скорость [2.4]
2023-07-25 16:53:09,753 DEBUG Horse: Создание Horse, имя [Туз Пик], скорость [2.5]
2023-07-25 16:53:09,754 DEBUG Horse: Создание Horse, имя [Зефир], скорость [2.6]
2023-07-25 16:53:09,754 DEBUG Horse: Создание Horse, имя [Пожар], скорость [2.7]
2023-07-25 16:53:09,754 DEBUG Horse: Создание Horse, имя [Лобстер], скорость [2.8]
2023-07-25 16:53:09,754 DEBUG Horse: Создание Horse, имя [Пегас], скорость [2.9]
2023-07-25 16:53:09,754 DEBUG Horse: Создание Horse, имя [Вишня], скорость [3.0]
2023-07-25 16:53:09,755 DEBUG Hippodrome: Создание Hippodrome, лошадей [7]
2023-07-25 16:53:09,755 INFO  Main: Начало скачек. Количество участников: 7
2023-07-25 16:53:30,214 INFO  Main: Окончание скачек. Победитель: Вишня
2023-07-25 16:57:18,795 DEBUG Horse: Создание Horse, имя [Буцефал], скорость [2.4]
2023-07-25 16:57:18,798 DEBUG Horse: Создание Horse, имя [Туз Пик], скорость [2.5]
2023-07-25 16:57:18,798 DEBUG Horse: Создание Horse, имя [Зефир], скорость [2.6]
2023-07-25 16:57:18,798 DEBUG Horse: Создание Horse, имя [Пожар], скорость [2.7]
2023-07-25 16:57:18,798 DEBUG Horse: Создание Horse, имя [Лобстер], скорость [2.8]
2023-07-25 16:57:18,798 DEBUG Horse: Создание Horse, имя [Пегас], скорость [2.9]
2023-07-25 16:57:18,798 DEBUG Horse: Создание Horse, имя [Вишня], скорость [3.0]
2023-07-25 16:57:18,799 DEBUG Hippodrome: Создание Hippodrome, лошадей [7]
2023-07-25 16:57:18,799 INFO  Main: Начало скачек. Количество участников: 7
2023-07-25 16:57:39,248 INFO  Main: Окончание скачек. Победитель: Вишня
